* using log directory ‘/Users/laurenheintz/Docs/MSDS/Wn2020/data598a/week6/DATA-598-WI20-week-7/mysimplepackage.Rcheck’
* using R version 3.6.1 (2019-07-05)
* using platform: x86_64-apple-darwin13.4.0 (64-bit)
* using session charset: UTF-8
* using options ‘--no-manual --as-cran’
* checking for file ‘mysimplepackage/DESCRIPTION’ ... OK
* checking extension type ... Package
* this is package ‘mysimplepackage’ version ‘0.1.0’
* package encoding: UTF-8
* checking package namespace information ... OK
* checking package dependencies ... OK
* checking if this is a source package ... OK
* checking if there is a namespace ... OK
* checking for executable files ... OK
* checking for hidden files and directories ... OK
* checking for portable file names ... OK
* checking for sufficient/correct file permissions ... OK
* checking serialization versions ... OK
* checking whether package ‘mysimplepackage’ can be installed ... OK
* checking installed package size ... OK
* checking package directory ... OK
* checking for future file timestamps ... OK
* checking DESCRIPTION meta-information ... OK
* checking top-level files ... OK
* checking for left-over files ... OK
* checking index information ... OK
* checking package subdirectories ... OK
* checking R files for non-ASCII characters ... OK
* checking R files for syntax errors ... OK
* checking whether the package can be loaded ... OK
* checking whether the package can be loaded with stated dependencies ... OK
* checking whether the package can be unloaded cleanly ... OK
* checking whether the namespace can be loaded with stated dependencies ... OK
* checking whether the namespace can be unloaded cleanly ... OK
* checking dependencies in R code ... OK
* checking S3 generic/method consistency ... OK
* checking replacement functions ... OK
* checking foreign function calls ... OK
* checking R code for possible problems ... OK
* checking Rd files ... OK
* checking Rd metadata ... OK
* checking Rd line widths ... OK
* checking Rd cross-references ... OK
* checking for missing documentation entries ... OK
* checking for code/documentation mismatches ... WARNING
Codoc mismatches from documentation object 'hello':
hello
  Code: function(name)
  Docs: function()
  Argument names in code not in docs:
    name

* checking Rd \usage sections ... OK
* checking Rd contents ... WARNING
Argument items with no description in Rd object 'plus_two':
  ‘x’

* checking for unstated dependencies in examples ... OK
* checking examples ... ERROR
Running examples in ‘mysimplepackage-Ex.R’ failed
The error most likely occurred in:

> base::assign(".ptime", proc.time(), pos = "CheckExEnv")
> ### Name: hello
> ### Title: Hello, World!
> ### Aliases: hello
> 
> ### ** Examples
> 
> hello()
Error in print("Hello, ", name) : 
  argument "name" is missing, with no default
Calls: hello -> print -> print.default -> pairlist -> as.pairlist
Execution halted
* DONE
Status: 1 ERROR, 2 WARNINGs
